  speechManager.cpp
D:\jiangtao's code\基于stl的演讲比赛流程管理系统\speechManager.cpp(34): warning C4018: “<”: 有符号/无符号不匹配
D:\jiangtao's code\基于stl的演讲比赛流程管理系统\speechManager.cpp(63): warning C4018: “<”: 有符号/无符号不匹配
D:\jiangtao's code\基于stl的演讲比赛流程管理系统\speechManager.cpp(74): warning C4018: “<”: 有符号/无符号不匹配
D:\jiangtao's code\基于stl的演讲比赛流程管理系统\speechManager.cpp(98): warning C4244: “参数”: 从“time_t”转换到“unsigned int”，可能丢失数据
D:\Program Files (x86)\Microsoft Visual Studio\2019\Enterprise\VC\Tools\MSVC\14.20.27508\include\numeric(24): warning C4244: “=”: 从“double”转换到“_Ty”，可能丢失数据
          with
          [
              _Ty=int
          ]
  D:\Program Files (x86)\Microsoft Visual Studio\2019\Enterprise\VC\Tools\MSVC\14.20.27508\include\numeric(33): note: 参见对正在编译的函数 模板 实例化“_Ty std::accumulate<_InIt,_Ty,std::plus<void>>(const _InIt,const _InIt,_Ty,_Fn)”的引用
          with
          [
              _Ty=int,
              _InIt=std::_Deque_iterator<std::_Deque_val<std::_Deque_simple_types<double>>>,
              _Fn=std::plus<void>
          ]
  D:\jiangtao's code\基于stl的演讲比赛流程管理系统\speechManager.cpp(109): note: 参见对正在编译的函数 模板 实例化“_Ty std::accumulate<std::_Deque_iterator<std::_Deque_val<std::_Deque_simple_types<double>>>,int>(const _InIt,const _InIt,_Ty)”的引用
          with
          [
              _Ty=int,
              _InIt=std::_Deque_iterator<std::_Deque_val<std::_Deque_simple_types<double>>>
          ]
  基于stl的演讲比赛流程管理系统.vcxproj -> D:\jiangtao's code\基于stl的演讲比赛流程管理系统\Debug\基于stl的演讲比赛流程管理系统.exe
